Arguments: 
  /usr/bin/node /usr/bin/yarn add react-native-pdf

PATH: 
  ~/.config/composer/vendor/bin:/home/hady/.composer/vendor/bin:/usr/local/sbin:/usr/local/bin:/usr/sbin:/usr/bin:/sbin:/bin:/usr/games:/usr/local/games:/snap/bin

Yarn version: 
  1.16.0

Node version: 
  10.16.0

Platform: 
  linux x64

Trace: 
  Error: EACCES: permission denied, mkdir '/var/www/html/projet_group/projet_hele/projet-hele-mobile/node_modules/@react-native-community/cli/node_modules/jsonfile'

npm manifest: 
  {
    "main": "node_modules/expo/AppEntry.js",
    "scripts": {
      "start": "expo start",
      "android": "expo start --android",
      "ios": "expo start --ios",
      "web": "expo start --web",
      "eject": "expo eject"
    },
    "dependencies": {
      "@adonisjs/websocket-client": "github:DylanEpitech/adonis-websocket-client",
      "@react-native-community/datetimepicker": "^2.0.0",
      "axios": "^0.19.0",
      "expo": "^33.0.0",
      "native-base": "^2.13.4",
      "ngrok": "^3.2.4",
      "react": "16.8.3",
      "react-dom": "^16.8.6",
      "react-native": "https://github.com/expo/react-native/archive/sdk-33.0.0.tar.gz",
      "react-native-datepicker": "^1.7.2",
      "react-native-gesture-handler": "^1.3.0",
      "react-native-map-clustering": "^2.0.2",
      "react-native-maps": "^0.24.2",
      "react-native-maps-directions": "^1.7.0",
      "react-native-modal-selector": "^1.1.0",
      "react-native-picker-select": "^6.3.0",
      "react-native-simple-time-picker": "^0.2.0",
      "react-native-vector-icons": "^6.6.0",
      "react-native-web": "^0.11.4",
      "react-navigation": "^3.11.1",
      "rn-fetch-blob": "^0.10.16"
    },
    "devDependencies": {
      "babel-preset-expo": "^5.1.1"
    },
    "private": true
  }

yarn manifest: 
  No manifest

Lockfile: 
  No lockfile
